Array
(
    [product_id] => 2
)
Attempting to remove product ID: 2
Product removed. Cart contents: Array
(
)

Array
(
    [product_id] => 2
)
Attempting to remove product ID: 2
Product removed. Cart contents: Array
(
)

Array
(
    [product_id] => 2
)
Attempting to remove product ID: 2
Product removed. Cart contents: Array
(
)

Array
(
    [product_id] => 2
)
Attempting to remove product ID: 2
Product removed. Cart contents: Array
(
)

Array
(
    [product_id] => 2
)
Attempting to remove product ID: 2
Product removed. Cart contents: Array
(
)

Array
(
    [product_id] => 2
)
Attempting to remove product ID: 2
Product removed. Cart contents: Array
(
)

Array
(
    [product_id] => 2
)
Attempting to remove product ID: 2
Product removed. Cart contents: Array
(
)

Array
(
    [product_id] => 2
)
Attempting to remove product ID: 2
Product removed. Cart contents: Array
(
)

Array
(
    [product_id] => 2
)
Attempting to remove product ID: 2
Product removed. Cart contents: Array
(
)

Array
(
    [product_id] => 3
)
Attempting to remove product ID: 3
Product removed. Cart contents: Array
(
)

Array
(
    [product_id] => 3
)
Attempting to remove product ID: 3
Product removed. Cart contents: Array
(
)

Array
(
    [product_id] => 3
)
Attempting to remove product ID: 3
Product removed. Cart contents: Array
(
)

Array
(
    [product_id] => 2
)
Attempting to remove product ID: 2
Product removed. Cart contents: Array
(
    [3] => 10
)

Array
(
    [product_id] => 3
)
Attempting to remove product ID: 3
Product removed. Cart contents: Array
(
)

