Array
(
)
Array
(
)
Array
(
)
Array
(
)
Array
(
)
Array
(
)
Array
(
)
Array
(
)
Array
(
)
Array
(
    [product_id] => 2
    [quantity] => 1
)
Product ID: 2, Quantity: 1
Cart contents: Array
(
    [2] => 1
)

Array
(
    [product_id] => 2
    [quantity] => 1
)
Product ID: 2, Quantity: 1
Cart contents: Array
(
    [2] => 2
)

Array
(
    [product_id] => 2
    [quantity] => 1
)
Product ID: 2, Quantity: 1
Cart contents: Array
(
    [2] => 3
)

Array
(
    [product_id] => 2
    [quantity] => 1
)
Product ID: 2, Quantity: 1
Cart contents: Array
(
    [2] => 1
)

Array
(
    [product_id] => 2
    [quantity] => 1
)
Product ID: 2, Quantity: 1
Cart contents: Array
(
    [2] => 1
)

Array
(
    [product_id] => 2
    [quantity] => 1
)
Product ID: 2, Quantity: 1
Cart contents: Array
(
    [2] => 1
)

Array
(
    [product_id] => 2
    [quantity] => 1
)
Product ID: 2, Quantity: 1
Cart contents: Array
(
    [2] => 1
)

Array
(
    [product_id] => 2
    [quantity] => 1
)
Product ID: 2, Quantity: 1
Cart contents: Array
(
    [2] => 1
)

Array
(
    [product_id] => 2
    [quantity] => 1
)
Product ID: 2, Quantity: 1
Cart contents: Array
(
    [2] => 1
)

Array
(
    [product_id] => 2
    [quantity] => 7
)
Product ID: 2, Quantity: 7
Cart contents: Array
(
    [2] => 8
)

Array
(
    [product_id] => 2
    [quantity] => 1
)
Product ID: 2, Quantity: 1
Cart contents: Array
(
    [2] => 1
)

Array
(
    [product_id] => 2
    [quantity] => 1
)
Product ID: 2, Quantity: 1
Cart contents: Array
(
    [2] => 1
)

Array
(
    [product_id] => 2
    [quantity] => 7
)
Product ID: 2, Quantity: 7
Cart contents: Array
(
    [2] => 7
)

Array
(
    [product_id] => 2
    [quantity] => 1
)
Product ID: 2, Quantity: 1
Cart contents: Array
(
    [2] => 1
)

Array
(
    [product_id] => 2
    [quantity] => 1
)
Product ID: 2, Quantity: 1
Cart contents: Array
(
    [2] => 1
)

Array
(
    [product_id] => 2
    [quantity] => 1
)
Product ID: 2, Quantity: 1
Cart contents: Array
(
    [2] => 2
)

Array
(
    [product_id] => 2
    [quantity] => 1
)
Product ID: 2, Quantity: 1
Cart contents: Array
(
    [2] => 1
)

Array
(
    [product_id] => 2
    [quantity] => 3
)
Product ID: 2, Quantity: 3
Cart contents: Array
(
    [2] => 3
)

Array
(
    [product_id] => 2
    [quantity] => 1
)
User not logged in
Array
(
    [product_id] => 2
    [quantity] => 1
)
Product ID: 2, Quantity: 1
Cart contents: Array
(
    [2] => 1
)

Array
(
    [product_id] => 3
    [quantity] => 1
)
Product ID: 3, Quantity: 1
Cart contents: Array
(
    [3] => 1
)

Array
(
    [product_id] => 2
    [quantity] => 1
)
Product ID: 2, Quantity: 1
Cart contents: Array
(
    [3] => 1
    [2] => 1
)

Array
(
    [product_id] => 2
    [quantity] => 1
)
Product ID: 2, Quantity: 1
Cart contents: Array
(
    [2] => 1
)

Array
(
    [product_id] => 3
    [quantity] => 1
)
Product ID: 3, Quantity: 1
Cart contents: Array
(
    [2] => 1
    [3] => 1
)

Array
(
    [product_id] => 3
    [quantity] => 1
)
User not logged in
Array
(
    [product_id] => 3
    [quantity] => 1
)
Product ID: 3, Quantity: 1
Cart contents: Array
(
    [3] => 1
)

Array
(
    [product_id] => 3
    [quantity] => 1
)
Product ID: 3, Quantity: 1
Cart contents: Array
(
    [3] => 1
)

